2025-01-04 08:25:22 - INFO - Train columns: ['Store', 'DayOfWeek', 'Date', 'Sales', 'Customers', 'Open', 'Promo', 'StateHoliday', 'SchoolHoliday']
2025-01-04 08:25:22 - INFO - Test columns: ['Id', 'Store', 'DayOfWeek', 'Date', 'Open', 'Promo', 'StateHoliday', 'SchoolHoliday']
2025-01-04 08:25:22 - INFO - Store columns: ['Store', 'StoreType', 'Assortment', 'CompetitionDistance', 'CompetitionOpenSinceMonth', 'CompetitionOpenSinceYear', 'Promo2', 'Promo2SinceWeek', 'Promo2SinceYear', 'PromoInterval']
2025-01-04 08:27:03 - INFO - Train columns: ['Store', 'DayOfWeek', 'Date', 'Sales', 'Customers', 'Open', 'Promo', 'StateHoliday', 'SchoolHoliday']
2025-01-04 08:27:03 - INFO - Test columns: ['Id', 'Store', 'DayOfWeek', 'Date', 'Open', 'Promo', 'StateHoliday', 'SchoolHoliday']
2025-01-04 08:27:03 - INFO - Store columns: ['Store', 'StoreType', 'Assortment', 'CompetitionDistance', 'CompetitionOpenSinceMonth', 'CompetitionOpenSinceYear', 'Promo2', 'Promo2SinceWeek', 'Promo2SinceYear', 'PromoInterval']
2025-01-04 08:30:15 - INFO - Train columns: ['Store', 'DayOfWeek', 'Date', 'Sales', 'Customers', 'Open', 'Promo', 'StateHoliday', 'SchoolHoliday']
2025-01-04 08:30:15 - INFO - Test columns: ['Id', 'Store', 'DayOfWeek', 'Date', 'Open', 'Promo', 'StateHoliday', 'SchoolHoliday']
2025-01-04 08:30:15 - INFO - Store columns: ['Store', 'StoreType', 'Assortment', 'CompetitionDistance', 'CompetitionOpenSinceMonth', 'CompetitionOpenSinceYear', 'Promo2', 'Promo2SinceWeek', 'Promo2SinceYear', 'PromoInterval']
2025-01-04 08:31:20 - INFO - Train columns: ['Store', 'DayOfWeek', 'Date', 'Sales', 'Customers', 'Open', 'Promo', 'StateHoliday', 'SchoolHoliday']
2025-01-04 08:31:20 - INFO - Test columns: ['Id', 'Store', 'DayOfWeek', 'Date', 'Open', 'Promo', 'StateHoliday', 'SchoolHoliday']
2025-01-04 08:31:20 - INFO - Store columns: ['Store', 'StoreType', 'Assortment', 'CompetitionDistance', 'CompetitionOpenSinceMonth', 'CompetitionOpenSinceYear', 'Promo2', 'Promo2SinceWeek', 'Promo2SinceYear', 'PromoInterval']
2025-01-04 08:34:33 - INFO - Train columns: ['Store', 'DayOfWeek', 'Date', 'Sales', 'Customers', 'Open', 'Promo', 'StateHoliday', 'SchoolHoliday']
2025-01-04 08:34:33 - INFO - Test columns: ['Id', 'Store', 'DayOfWeek', 'Date', 'Open', 'Promo', 'StateHoliday', 'SchoolHoliday']
2025-01-04 08:34:33 - INFO - Store columns: ['Store', 'StoreType', 'Assortment', 'CompetitionDistance', 'CompetitionOpenSinceMonth', 'CompetitionOpenSinceYear', 'Promo2', 'Promo2SinceWeek', 'Promo2SinceYear', 'PromoInterval']
2025-01-04 08:34:34 - WARNING - 'Id' column not found in both train_df and test_df. Merging on 'Store' column only.
2025-01-04 08:37:43 - INFO - Train columns: ['Store', 'DayOfWeek', 'Date', 'Sales', 'Customers', 'Open', 'Promo', 'StateHoliday', 'SchoolHoliday']
2025-01-04 08:37:43 - INFO - Test columns: ['Id', 'Store', 'DayOfWeek', 'Date', 'Open', 'Promo', 'StateHoliday', 'SchoolHoliday']
2025-01-04 08:37:43 - INFO - Store columns: ['Store', 'StoreType', 'Assortment', 'CompetitionDistance', 'CompetitionOpenSinceMonth', 'CompetitionOpenSinceYear', 'Promo2', 'Promo2SinceWeek', 'Promo2SinceYear', 'PromoInterval']
2025-01-04 08:37:43 - WARNING - 'Id' column not found in both train_df and test_df. Merging on 'Store' column only.
2025-01-04 08:38:10 - WARNING - 'Date' column not found in self.data. Skipping date-related processing.
2025-01-04 08:40:31 - INFO - Train columns: ['Store', 'DayOfWeek', 'Date', 'Sales', 'Customers', 'Open', 'Promo', 'StateHoliday', 'SchoolHoliday']
2025-01-04 08:40:31 - INFO - Test columns: ['Id', 'Store', 'DayOfWeek', 'Date', 'Open', 'Promo', 'StateHoliday', 'SchoolHoliday']
2025-01-04 08:40:31 - INFO - Store columns: ['Store', 'StoreType', 'Assortment', 'CompetitionDistance', 'CompetitionOpenSinceMonth', 'CompetitionOpenSinceYear', 'Promo2', 'Promo2SinceWeek', 'Promo2SinceYear', 'PromoInterval']
2025-01-04 08:40:31 - WARNING - 'Id' column not found in both train_df and test_df. Merging on 'Store' column only.
2025-01-04 08:40:59 - WARNING - 'Date' column not found in self.data. Skipping processing for this column.
2025-01-04 08:40:59 - WARNING - 'StateHoliday' column not found in self.data. Skipping processing for this column.
2025-01-04 08:45:17 - INFO - Train data shape: (37359066, 23)
2025-01-04 08:45:17 - INFO - Test data shape: (0, 23)
2025-01-04 08:52:03 - INFO - Train columns: ['Store', 'DayOfWeek', 'Date', 'Sales', 'Customers', 'Open', 'Promo', 'StateHoliday', 'SchoolHoliday']
2025-01-04 08:52:03 - INFO - Test columns: ['Id', 'Store', 'DayOfWeek', 'Date', 'Open', 'Promo', 'StateHoliday', 'SchoolHoliday']
2025-01-04 08:52:03 - INFO - Store columns: ['Store', 'StoreType', 'Assortment', 'CompetitionDistance', 'CompetitionOpenSinceMonth', 'CompetitionOpenSinceYear', 'Promo2', 'Promo2SinceWeek', 'Promo2SinceYear', 'PromoInterval']
2025-01-04 08:52:34 - WARNING - 'Date' column not found in self.data. Skipping processing for this column.
2025-01-04 08:52:34 - WARNING - 'StateHoliday' column not found in self.data. Skipping processing for this column.
2025-01-04 08:53:29 - INFO - Train data shape: (37359066, 23)
2025-01-04 08:53:29 - INFO - Test data shape: (0, 23)
2025-01-04 08:56:31 - INFO - Train columns: ['Store', 'DayOfWeek', 'Date', 'Sales', 'Customers', 'Open', 'Promo', 'StateHoliday', 'SchoolHoliday']
2025-01-04 08:56:31 - INFO - Test columns: ['Id', 'Store', 'DayOfWeek', 'Date', 'Open', 'Promo', 'StateHoliday', 'SchoolHoliday']
2025-01-04 08:56:31 - INFO - Store columns: ['Store', 'StoreType', 'Assortment', 'CompetitionDistance', 'CompetitionOpenSinceMonth', 'CompetitionOpenSinceYear', 'Promo2', 'Promo2SinceWeek', 'Promo2SinceYear', 'PromoInterval']
2025-01-04 08:56:32 - INFO - Train data shape: (1017209, 18)
2025-01-04 08:56:32 - INFO - Test data shape: (0, 18)
2025-01-04 09:09:26 - INFO - Train columns: ['Store', 'DayOfWeek', 'Date', 'Sales', 'Customers', 'Open', 'Promo', 'StateHoliday', 'SchoolHoliday']
2025-01-04 09:09:26 - INFO - Test columns: ['Id', 'Store', 'DayOfWeek', 'Date', 'Open', 'Promo', 'StateHoliday', 'SchoolHoliday']
2025-01-04 09:09:26 - INFO - Store columns: ['Store', 'StoreType', 'Assortment', 'CompetitionDistance', 'CompetitionOpenSinceMonth', 'CompetitionOpenSinceYear', 'Promo2', 'Promo2SinceWeek', 'Promo2SinceYear', 'PromoInterval']
2025-01-04 09:11:38 - INFO - Train columns: ['Store', 'DayOfWeek', 'Date', 'Sales', 'Customers', 'Open', 'Promo', 'StateHoliday', 'SchoolHoliday']
2025-01-04 09:11:38 - INFO - Test columns: ['Id', 'Store', 'DayOfWeek', 'Date', 'Open', 'Promo', 'StateHoliday', 'SchoolHoliday']
2025-01-04 09:11:38 - INFO - Store columns: ['Store', 'StoreType', 'Assortment', 'CompetitionDistance', 'CompetitionOpenSinceMonth', 'CompetitionOpenSinceYear', 'Promo2', 'Promo2SinceWeek', 'Promo2SinceYear', 'PromoInterval']
2025-01-04 09:13:19 - INFO - Train columns: ['Store', 'DayOfWeek', 'Date', 'Sales', 'Customers', 'Open', 'Promo', 'StateHoliday', 'SchoolHoliday']
2025-01-04 09:13:19 - INFO - Test columns: ['Id', 'Store', 'DayOfWeek', 'Date', 'Open', 'Promo', 'StateHoliday', 'SchoolHoliday']
2025-01-04 09:13:19 - INFO - Store columns: ['Store', 'StoreType', 'Assortment', 'CompetitionDistance', 'CompetitionOpenSinceMonth', 'CompetitionOpenSinceYear', 'Promo2', 'Promo2SinceWeek', 'Promo2SinceYear', 'PromoInterval']
2025-01-04 09:17:32 - INFO - Train columns: ['Store', 'DayOfWeek', 'Date', 'Sales', 'Customers', 'Open', 'Promo', 'StateHoliday', 'SchoolHoliday']
2025-01-04 09:17:32 - INFO - Test columns: ['Id', 'Store', 'DayOfWeek', 'Date', 'Open', 'Promo', 'StateHoliday', 'SchoolHoliday']
2025-01-04 09:17:32 - INFO - Store columns: ['Store', 'StoreType', 'Assortment', 'CompetitionDistance', 'CompetitionOpenSinceMonth', 'CompetitionOpenSinceYear', 'Promo2', 'Promo2SinceWeek', 'Promo2SinceYear', 'PromoInterval']
2025-01-04 09:17:46 - INFO - Train columns: ['Store', 'DayOfWeek', 'Date', 'Sales', 'Customers', 'Open', 'Promo', 'StateHoliday', 'SchoolHoliday']
2025-01-04 09:17:46 - INFO - Test columns: ['Id', 'Store', 'DayOfWeek', 'Date', 'Open', 'Promo', 'StateHoliday', 'SchoolHoliday']
2025-01-04 09:17:46 - INFO - Store columns: ['Store', 'StoreType', 'Assortment', 'CompetitionDistance', 'CompetitionOpenSinceMonth', 'CompetitionOpenSinceYear', 'Promo2', 'Promo2SinceWeek', 'Promo2SinceYear', 'PromoInterval']
2025-01-04 09:18:35 - INFO - Train columns: ['Store', 'DayOfWeek', 'Date', 'Sales', 'Customers', 'Open', 'Promo', 'StateHoliday', 'SchoolHoliday']
2025-01-04 09:18:35 - INFO - Test columns: ['Id', 'Store', 'DayOfWeek', 'Date', 'Open', 'Promo', 'StateHoliday', 'SchoolHoliday']
2025-01-04 09:18:35 - INFO - Store columns: ['Store', 'StoreType', 'Assortment', 'CompetitionDistance', 'CompetitionOpenSinceMonth', 'CompetitionOpenSinceYear', 'Promo2', 'Promo2SinceWeek', 'Promo2SinceYear', 'PromoInterval']
2025-01-04 09:18:42 - INFO - Train columns: ['Store', 'DayOfWeek', 'Date', 'Sales', 'Customers', 'Open', 'Promo', 'StateHoliday', 'SchoolHoliday']
2025-01-04 09:18:42 - INFO - Test columns: ['Id', 'Store', 'DayOfWeek', 'Date', 'Open', 'Promo', 'StateHoliday', 'SchoolHoliday']
2025-01-04 09:18:42 - INFO - Store columns: ['Store', 'StoreType', 'Assortment', 'CompetitionDistance', 'CompetitionOpenSinceMonth', 'CompetitionOpenSinceYear', 'Promo2', 'Promo2SinceWeek', 'Promo2SinceYear', 'PromoInterval']
2025-01-04 09:19:22 - INFO - Train columns: ['Store', 'DayOfWeek', 'Date', 'Sales', 'Customers', 'Open', 'Promo', 'StateHoliday', 'SchoolHoliday']
2025-01-04 09:19:22 - INFO - Test columns: ['Id', 'Store', 'DayOfWeek', 'Date', 'Open', 'Promo', 'StateHoliday', 'SchoolHoliday']
2025-01-04 09:19:22 - INFO - Store columns: ['Store', 'StoreType', 'Assortment', 'CompetitionDistance', 'CompetitionOpenSinceMonth', 'CompetitionOpenSinceYear', 'Promo2', 'Promo2SinceWeek', 'Promo2SinceYear', 'PromoInterval']
2025-01-04 09:25:12 - INFO - Train columns: ['Store', 'DayOfWeek', 'Date', 'Sales', 'Customers', 'Open', 'Promo', 'StateHoliday', 'SchoolHoliday']
2025-01-04 09:25:12 - INFO - Test columns: ['Id', 'Store', 'DayOfWeek', 'Date', 'Open', 'Promo', 'StateHoliday', 'SchoolHoliday']
2025-01-04 09:25:12 - INFO - Store columns: ['Store', 'StoreType', 'Assortment', 'CompetitionDistance', 'CompetitionOpenSinceMonth', 'CompetitionOpenSinceYear', 'Promo2', 'Promo2SinceWeek', 'Promo2SinceYear', 'PromoInterval']
2025-01-04 09:25:14 - INFO - Train data shape: (1017209, 18)
2025-01-04 09:25:14 - INFO - Test data shape: (0, 18)
2025-01-04 09:28:58 - INFO - Train columns: ['Store', 'DayOfWeek', 'Date', 'Sales', 'Customers', 'Open', 'Promo', 'StateHoliday', 'SchoolHoliday']
2025-01-04 09:28:58 - INFO - Test columns: ['Id', 'Store', 'DayOfWeek', 'Date', 'Open', 'Promo', 'StateHoliday', 'SchoolHoliday']
2025-01-04 09:28:58 - INFO - Store columns: ['Store', 'StoreType', 'Assortment', 'CompetitionDistance', 'CompetitionOpenSinceMonth', 'CompetitionOpenSinceYear', 'Promo2', 'Promo2SinceWeek', 'Promo2SinceYear', 'PromoInterval']
2025-01-04 09:31:04 - INFO - Train columns: ['Store', 'DayOfWeek', 'Date', 'Sales', 'Customers', 'Open', 'Promo', 'StateHoliday', 'SchoolHoliday']
2025-01-04 09:31:04 - INFO - Test columns: ['Id', 'Store', 'DayOfWeek', 'Date', 'Open', 'Promo', 'StateHoliday', 'SchoolHoliday']
2025-01-04 09:31:04 - INFO - Store columns: ['Store', 'StoreType', 'Assortment', 'CompetitionDistance', 'CompetitionOpenSinceMonth', 'CompetitionOpenSinceYear', 'Promo2', 'Promo2SinceWeek', 'Promo2SinceYear', 'PromoInterval']
2025-01-04 09:31:06 - INFO - Train data shape: (1017209, 18)
2025-01-04 09:31:06 - INFO - Test data shape: (0, 18)
2025-01-05 10:58:07 - INFO - Train columns: ['Store', 'DayOfWeek', 'Date', 'Sales', 'Customers', 'Open', 'Promo', 'StateHoliday', 'SchoolHoliday']
2025-01-05 10:58:07 - INFO - Test columns: ['Id', 'Store', 'DayOfWeek', 'Date', 'Open', 'Promo', 'StateHoliday', 'SchoolHoliday']
2025-01-05 10:58:07 - INFO - Store columns: ['Store', 'StoreType', 'Assortment', 'CompetitionDistance', 'CompetitionOpenSinceMonth', 'CompetitionOpenSinceYear', 'Promo2', 'Promo2SinceWeek', 'Promo2SinceYear', 'PromoInterval']
2025-01-05 10:58:09 - INFO - Train data shape: (1017209, 18)
2025-01-05 10:58:09 - INFO - Test data shape: (0, 18)
2025-01-08 12:08:40 - INFO - Train columns: ['Store', 'DayOfWeek', 'Date', 'Sales', 'Customers', 'Open', 'Promo', 'StateHoliday', 'SchoolHoliday']
2025-01-08 12:08:40 - INFO - Test columns: ['Id', 'Store', 'DayOfWeek', 'Date', 'Open', 'Promo', 'StateHoliday', 'SchoolHoliday']
2025-01-08 12:08:40 - INFO - Store columns: ['Store', 'StoreType', 'Assortment', 'CompetitionDistance', 'CompetitionOpenSinceMonth', 'CompetitionOpenSinceYear', 'Promo2', 'Promo2SinceWeek', 'Promo2SinceYear', 'PromoInterval']
2025-01-08 12:08:43 - INFO - Train data shape: (1017209, 18)
2025-01-08 12:08:43 - INFO - Test data shape: (0, 18)
2025-01-08 12:09:47 - INFO - Train columns: ['Store', 'DayOfWeek', 'Date', 'Sales', 'Customers', 'Open', 'Promo', 'StateHoliday', 'SchoolHoliday']
2025-01-08 12:09:47 - INFO - Test columns: ['Id', 'Store', 'DayOfWeek', 'Date', 'Open', 'Promo', 'StateHoliday', 'SchoolHoliday']
2025-01-08 12:09:47 - INFO - Store columns: ['Store', 'StoreType', 'Assortment', 'CompetitionDistance', 'CompetitionOpenSinceMonth', 'CompetitionOpenSinceYear', 'Promo2', 'Promo2SinceWeek', 'Promo2SinceYear', 'PromoInterval']
2025-01-08 12:09:50 - INFO - Train data shape: (1017209, 18)
2025-01-08 12:09:50 - INFO - Test data shape: (0, 18)
2025-01-08 12:17:02 - INFO - Train columns: ['Store', 'DayOfWeek', 'Date', 'Sales', 'Customers', 'Open', 'Promo', 'StateHoliday', 'SchoolHoliday']
2025-01-08 12:17:02 - INFO - Test columns: ['Id', 'Store', 'DayOfWeek', 'Date', 'Open', 'Promo', 'StateHoliday', 'SchoolHoliday']
2025-01-08 12:17:02 - INFO - Store columns: ['Store', 'StoreType', 'Assortment', 'CompetitionDistance', 'CompetitionOpenSinceMonth', 'CompetitionOpenSinceYear', 'Promo2', 'Promo2SinceWeek', 'Promo2SinceYear', 'PromoInterval']
2025-01-08 12:17:06 - INFO - Train data shape: (1017209, 18)
2025-01-08 12:17:06 - INFO - Test data shape: (0, 18)
