2025-01-14 15:16:16,398 - INFO - StoreSalesPrediction class initialized.
2025-01-14 15:16:37,413 - INFO - Loading data...
2025-01-14 15:16:38,062 - INFO - Merging train and test data with store data...
2025-01-14 15:21:56,729 - INFO - Preparing features...
2025-01-14 15:21:56,729 - INFO - Preprocessing data...
2025-01-14 15:22:56,367 - INFO - Preparing features...
2025-01-14 15:22:56,368 - INFO - Preprocessing data...
2025-01-14 15:29:14,527 - INFO - StoreSalesPrediction class initialized.
2025-01-14 15:29:14,543 - INFO - Loading data...
2025-01-14 15:29:15,205 - INFO - Merging train and test data with store data...
2025-01-14 15:29:25,210 - INFO - Preparing features...
2025-01-14 15:29:25,210 - INFO - Preprocessing data...
2025-01-14 15:30:37,314 - INFO - StoreSalesPrediction class initialized.
2025-01-14 15:30:37,324 - INFO - Loading data...
2025-01-14 15:30:37,910 - INFO - Merging train and test data with store data...
2025-01-14 15:30:38,043 - INFO - Preparing features...
2025-01-14 15:30:38,043 - INFO - Preprocessing data...
2025-01-14 15:30:48,716 - INFO - StoreSalesPrediction class initialized.
2025-01-14 15:30:48,731 - INFO - Loading data...
2025-01-14 15:30:49,523 - INFO - Merging train and test data with store data...
2025-01-14 15:30:49,701 - INFO - Preparing features...
2025-01-14 15:30:49,703 - INFO - Preprocessing data...
2025-01-14 15:35:13,218 - INFO - StoreSalesPrediction class initialized.
2025-01-14 15:35:13,235 - INFO - Loading data...
2025-01-14 15:35:13,913 - INFO - Merging train and test data with store data...
2025-01-14 15:35:14,071 - INFO - Preparing features...
2025-01-14 15:35:14,071 - INFO - Preprocessing data...
2025-01-14 15:35:14,414 - INFO - Preprocessing data...
2025-01-14 15:35:50,998 - INFO - Building pipeline...
2025-01-14 15:36:10,959 - INFO - Training model...
2025-01-14 15:37:55,860 - INFO - StoreSalesPrediction class initialized.
2025-01-14 15:37:55,883 - INFO - Loading data...
2025-01-14 15:37:56,546 - INFO - Merging train and test data with store data...
2025-01-14 15:37:56,746 - INFO - Preparing features...
2025-01-14 15:37:56,746 - INFO - Preprocessing data...
2025-01-14 15:37:57,083 - INFO - Preprocessing data...
2025-01-14 15:37:57,115 - INFO - Building pipeline...
2025-01-14 15:37:57,133 - INFO - Training model...
2025-01-14 15:38:41,908 - INFO - StoreSalesPrediction class initialized.
2025-01-14 15:38:41,926 - INFO - Loading data...
2025-01-14 15:38:42,577 - INFO - Merging train and test data with store data...
2025-01-14 15:38:42,738 - INFO - Preparing features...
2025-01-14 15:38:42,738 - INFO - Preprocessing data...
2025-01-14 15:38:43,059 - INFO - Preprocessing data...
2025-01-14 15:38:43,092 - INFO - Building pipeline...
2025-01-14 15:38:43,108 - INFO - Training model...
2025-01-14 15:40:53,427 - INFO - Validation Results - MAE: 2094.769049685095, MSE: 8062317.87693247
2025-01-14 15:42:35,900 - INFO - Model saved as sales_model_2025-01-14-15-42-35.pkl
2025-01-14 15:45:01,148 - INFO - Training LSTM model...
2025-01-14 17:00:13,873 - INFO - StoreSalesPrediction class initialized.
2025-01-14 17:00:13,891 - INFO - Loading data...
2025-01-14 17:00:14,541 - INFO - Merging train and test data with store data...
2025-01-14 17:00:14,719 - INFO - Preparing features...
2025-01-14 17:00:14,719 - INFO - Preprocessing data...
2025-01-14 17:00:15,069 - INFO - Preprocessing data...
2025-01-14 17:00:15,103 - INFO - Building pipeline...
2025-01-14 17:00:15,123 - INFO - Training model...
2025-01-14 17:01:35,402 - INFO - Validation Results - MAE: 2094.769049685095, MSE: 8062317.87693247
2025-01-14 17:01:35,639 - INFO - Model saved as sales_model_2025-01-14-17-01-35.pkl
2025-01-14 17:01:43,860 - INFO - Training LSTM model...
2025-01-14 17:02:24,257 - INFO - StoreSalesPrediction class initialized.
2025-01-14 17:02:24,267 - INFO - Loading data...
2025-01-14 17:02:24,909 - INFO - Merging train and test data with store data...
2025-01-14 17:02:25,090 - INFO - Preparing features...
2025-01-14 17:02:25,090 - INFO - Preprocessing data...
2025-01-14 17:02:25,517 - INFO - Preprocessing data...
2025-01-14 17:02:25,583 - INFO - Building pipeline...
2025-01-14 17:02:25,603 - INFO - Training model...
2025-01-14 17:04:56,702 - INFO - Validation Results - MAE: 2094.769049685095, MSE: 8062317.87693247
2025-01-14 17:04:56,953 - INFO - Model saved as sales_model_2025-01-14-17-04-56.pkl
2025-01-14 17:04:56,988 - INFO - Training LSTM model...
2025-01-14 17:26:25,750 - INFO - LSTM Validation Loss: 0.00424589728936553
2025-01-14 17:26:25,750 - WARNING - You are saving your model as an HDF5 file via `model.save()` or `keras.saving.save_model(model)`. This file format is considered legacy. We recommend using instead the native Keras format, e.g. `model.save('my_model.keras')` or `keras.saving.save_model(model, 'my_model.keras')`. 
2025-01-14 17:26:25,815 - INFO - LSTM model saved as lstm_sales_model_2025-01-14-17-26-25.h5
