2025-01-03 19:07:27,272 - INFO - Datasets loaded successfully
2025-01-03 19:07:27,272 - INFO - Train columns: ['Store', 'DayOfWeek', 'Date', 'Sales', 'Customers', 'Open', 'Promo', 'StateHoliday', 'SchoolHoliday']
2025-01-03 19:07:27,272 - INFO - Test columns: ['Id', 'Store', 'DayOfWeek', 'Date', 'Open', 'Promo', 'StateHoliday', 'SchoolHoliday']
2025-01-03 19:07:27,272 - INFO - store columns: ['Store', 'StoreType', 'Assortment', 'CompetitionDistance', 'CompetitionOpenSinceMonth', 'CompetitionOpenSinceYear', 'Promo2', 'Promo2SinceWeek', 'Promo2SinceYear', 'PromoInterval']
2025-01-03 19:07:29,456 - INFO - Merging datasets
2025-01-03 19:07:29,599 - INFO - Datasets merged successfully
2025-01-03 19:07:32,977 - INFO - Cleaning data
2025-01-03 19:07:33,117 - INFO - Columns with missing values: Index(['CompetitionDistance', 'CompetitionOpenSinceMonth',
       'CompetitionOpenSinceYear', 'Promo2SinceWeek', 'Promo2SinceYear',
       'PromoInterval'],
      dtype='object')
2025-01-03 19:07:57,726 - INFO - Datasets loaded successfully
2025-01-03 19:07:57,726 - INFO - Train columns: ['Store', 'DayOfWeek', 'Date', 'Sales', 'Customers', 'Open', 'Promo', 'StateHoliday', 'SchoolHoliday']
2025-01-03 19:07:57,726 - INFO - Test columns: ['Id', 'Store', 'DayOfWeek', 'Date', 'Open', 'Promo', 'StateHoliday', 'SchoolHoliday']
2025-01-03 19:07:57,726 - INFO - store columns: ['Store', 'StoreType', 'Assortment', 'CompetitionDistance', 'CompetitionOpenSinceMonth', 'CompetitionOpenSinceYear', 'Promo2', 'Promo2SinceWeek', 'Promo2SinceYear', 'PromoInterval']
2025-01-03 19:07:57,742 - INFO - Merging datasets
2025-01-03 19:07:57,903 - INFO - Datasets merged successfully
2025-01-03 19:07:57,920 - INFO - Cleaning data
2025-01-03 19:07:58,043 - INFO - Columns with missing values: Index(['CompetitionDistance', 'CompetitionOpenSinceMonth',
       'CompetitionOpenSinceYear', 'Promo2SinceWeek', 'Promo2SinceYear',
       'PromoInterval'],
      dtype='object')
2025-01-03 19:07:59,682 - INFO - Missing values imputed for numeric columns
2025-01-03 19:08:00,377 - INFO - Missing values imputed for categorical columns
2025-01-03 19:08:00,873 - INFO - Outliers handled
2025-01-03 19:09:14,123 - INFO - Performing exploratory analysis
2025-01-03 19:09:14,763 - INFO - Using categorical units to plot a list of strings that are all parsable as floats or dates. If these strings should be plotted as numbers, cast to the appropriate data type before plotting.
2025-01-03 19:09:15,225 - INFO - Using categorical units to plot a list of strings that are all parsable as floats or dates. If these strings should be plotted as numbers, cast to the appropriate data type before plotting.
2025-01-03 19:09:15,528 - INFO - Using categorical units to plot a list of strings that are all parsable as floats or dates. If these strings should be plotted as numbers, cast to the appropriate data type before plotting.
2025-01-03 19:09:15,555 - INFO - Using categorical units to plot a list of strings that are all parsable as floats or dates. If these strings should be plotted as numbers, cast to the appropriate data type before plotting.
2025-01-03 19:09:15,602 - INFO - Saved promotion distribution plots
2025-01-03 19:09:15,764 - INFO - Saved sales behavior during holidays plot
2025-01-03 19:09:15,787 - INFO - Correlation between Sales and Customers: 0.9080290372367141
2025-01-03 19:09:16,309 - INFO - Using categorical units to plot a list of strings that are all parsable as floats or dates. If these strings should be plotted as numbers, cast to the appropriate data type before plotting.
2025-01-03 19:09:16,719 - INFO - Using categorical units to plot a list of strings that are all parsable as floats or dates. If these strings should be plotted as numbers, cast to the appropriate data type before plotting.
2025-01-03 19:09:17,093 - INFO - Saved promo effect on sales plot
2025-01-03 19:09:18,303 - INFO - Saved assortment type effect on sales plot
2025-01-03 19:09:21,916 - INFO - Saved competition distance effect on sales plot
2025-01-03 19:16:11,647 - INFO - Correlation between Sales and Customers: 0.9080290372367141
2025-01-03 19:25:00,499 - INFO - Correlation between Sales and Customers: 0.9080290372367141
